Log file open, 09/04/20 10:28:31
LogWindows: Failed to load 'aqProf.dll' (GetLastError=126)
LogWindows: File 'aqProf.dll' does not exist
LogWindows: Failed to load 'VtuneApi.dll' (GetLastError=126)
LogWindows: File 'VtuneApi.dll' does not exist
LogWindows: Failed to load 'VtuneApi32e.dll' (GetLastError=126)
LogWindows: File 'VtuneApi32e.dll' does not exist
LogConsoleResponse: Display: Failed to find resolution value strings in scalability ini. Falling back to default.
LogInit: Display: Running engine for game: VR_Basketball
LogPlatformFile: Not using cached read wrapper
LogTaskGraph: Started task graph with 5 named threads and 35 total threads with 3 sets of task threads.
LogStats: Stats thread started at 6.614090
LogD3D11RHI: Loaded GFSDK_Aftermath_Lib.x64.dll
LogICUInternationalization: ICU TimeZone Detection - Raw Offset: +8:00, Platform Override: ''
LogPluginManager: Mounting plugin Paper2D
LogPluginManager: Mounting plugin AISupport
LogPluginManager: Mounting plugin LightPropagationVolume
LogPluginManager: Mounting plugin ActorLayerUtilities
LogPluginManager: Mounting plugin AnimationSharing
LogPluginManager: Mounting plugin CLionSourceCodeAccess
LogPluginManager: Mounting plugin CodeLiteSourceCodeAccess
LogPluginManager: Mounting plugin GitSourceControl
LogPluginManager: Mounting plugin KDevelopSourceCodeAccess
LogPluginManager: Mounting plugin NullSourceCodeAccess
LogPluginManager: Mounting plugin PerforceSourceControl
LogPluginManager: Mounting plugin PlasticSourceControl
LogPluginManager: Mounting plugin SubversionSourceControl
LogPluginManager: Mounting plugin UObjectPlugin
LogPluginManager: Mounting plugin VisualStudioCodeSourceCodeAccess
LogPluginManager: Mounting plugin VisualStudioSourceCodeAccess
LogPluginManager: Mounting plugin XCodeSourceCodeAccess
LogPluginManager: Mounting plugin AssetManagerEditor
LogPluginManager: Mounting plugin CryptoKeys
LogPluginManager: Mounting plugin CurveEditorTools
LogPluginManager: Mounting plugin DataValidation
LogPluginManager: Mounting plugin FacialAnimation
LogPluginManager: Mounting plugin GameplayTagsEditor
LogPluginManager: Mounting plugin MacGraphicsSwitching
LogPluginManager: Mounting plugin MaterialAnalyzer
LogPluginManager: Mounting plugin MobileLauncherProfileWizard
LogPluginManager: Mounting plugin PluginBrowser
LogPluginManager: Mounting plugin SpeedTreeImporter
LogPluginManager: Mounting plugin DatasmithContent
LogPluginManager: Mounting plugin VariantManagerContent
LogPluginManager: Mounting plugin AlembicImporter
LogPluginManager: Mounting plugin AutomationUtils
LogPluginManager: Mounting plugin BackChannel
LogPluginManager: Mounting plugin CharacterAI
LogPluginManager: Mounting plugin GeometryCache
LogPluginManager: Mounting plugin PlatformCrypto
LogPluginManager: Mounting plugin ProxyLODPlugin
LogPluginManager: Mounting plugin SkeletalReduction
LogPluginManager: Mounting plugin MagicLeap
LogPluginManager: Mounting plugin MagicLeapMedia
LogPluginManager: Mounting plugin MLSDK
LogPluginManager: Mounting plugin AndroidMedia
LogPluginManager: Mounting plugin AvfMedia
LogPluginManager: Mounting plugin ImgMedia
LogPluginManager: Mounting plugin MediaCompositing
LogPluginManager: Mounting plugin MediaPlayerEditor
LogPluginManager: Mounting plugin WebMMedia
LogPluginManager: Mounting plugin WmfMedia
LogPluginManager: Mounting plugin TcpMessaging
LogPluginManager: Mounting plugin UdpMessaging
LogPluginManager: Mounting plugin ActorSequence
LogPluginManager: Mounting plugin LevelSequenceEditor
LogPluginManager: Mounting plugin MatineeToLevelSequence
LogPluginManager: Mounting plugin NetcodeUnitTest
LogPluginManager: Mounting plugin NUTUnrealEngine4
LogPluginManager: Mounting plugin OnlineSubsystemGooglePlay
LogPluginManager: Mounting plugin OnlineSubsystemIOS
LogPluginManager: Mounting plugin OnlineSubsystem
LogPluginManager: Mounting plugin OnlineSubsystemNull
LogPluginManager: Mounting plugin OnlineSubsystemUtils
LogPluginManager: Mounting plugin LauncherChunkInstaller
LogPluginManager: Mounting plugin AndroidDeviceProfileSelector
LogPluginManager: Mounting plugin AndroidMoviePlayer
LogPluginManager: Mounting plugin AndroidPermission
LogPluginManager: Mounting plugin AppleImageUtils
LogPluginManager: Mounting plugin AppleMoviePlayer
LogPluginManager: Mounting plugin ArchVisCharacter
LogPluginManager: Mounting plugin AssetTags
LogPluginManager: Mounting plugin AudioCapture
LogPluginManager: Mounting plugin CableComponent
LogPluginManager: Mounting plugin CustomMeshComponent
LogPluginManager: Mounting plugin EditableMesh
LogPluginManager: Mounting plugin ExampleDeviceProfileSelector
LogPluginManager: Mounting plugin GoogleCloudMessaging
LogPluginManager: Mounting plugin IOSDeviceProfileSelector
LogPluginManager: Mounting plugin LinuxDeviceProfileSelector
LogPluginManager: Mounting plugin LocationServicesBPLibrary
LogPluginManager: Mounting plugin MobilePatchingUtils
LogPluginManager: Mounting plugin OculusVR
LogPluginManager: Mounting plugin PhysXVehicles
LogPluginManager: Mounting plugin PostSplashScreen
LogPluginManager: Mounting plugin ProceduralMeshComponent
LogPluginManager: Mounting plugin RuntimePhysXCooking
LogPluginManager: Mounting plugin SignificanceManager
LogPluginManager: Mounting plugin SteamVR
LogPluginManager: Mounting plugin WebMMoviePlayer
LogPluginManager: Mounting plugin WindowsMoviePlayer
LogPluginManager: Mounting plugin ScreenshotTools
LogInit: Using libcurl 7.55.1-DEV
LogInit:  - built for x86_64-pc-win32
LogInit:  - supports SSL with OpenSSL/1.1.1
LogInit:  - supports HTTP deflate (compression) using libz 1.2.8
LogInit:  - other features:
LogInit:      CURL_VERSION_SSL
LogInit:      CURL_VERSION_LIBZ
LogInit:      CURL_VERSION_IPV6
LogInit:      CURL_VERSION_ASYNCHDNS
LogInit:      CURL_VERSION_LARGEFILE
LogInit:      CURL_VERSION_IDN
LogInit:  CurlRequestOptions (configurable via config and command line):
LogInit:  - bVerifyPeer = true  - Libcurl will verify peer certificate
LogInit:  - bUseHttpProxy = false  - Libcurl will NOT use HTTP proxy
LogInit:  - bDontReuseConnections = false  - Libcurl will reuse connections
LogInit:  - MaxHostConnections = 16  - Libcurl will limit the number of connections to a host
LogInit:  - LocalHostAddr = Default
LogInit:  - BufferSize = 65536
LogOnline: OSS: Creating online subsystem instance for: NULL
LogInit: WinSock: version 1.1 (2.2), MaxSocks=32767, MaxUdp=65467
LogOnline: OSS: TryLoadSubsystemAndSetDefault: Loaded subsystem for module [NULL]
LogInit: Build: ++UE4+Release-4.24-CL-10757647
LogInit: Engine Version: 4.24.1-10757647+++UE4+Release-4.24
LogInit: Compatible Engine Version: 4.24.0-10570792+++UE4+Release-4.24
LogInit: Net CL: 10570792
LogInit: OS: Windows 10 (Release 1903) (), CPU: Intel(R) Core(TM) i7-8700 CPU @ 3.20GHz, GPU: NVIDIA Quadro P1000
LogInit: Compiled (64-bit): Dec 17 2019 02:08:03
LogInit: Compiled with Visual C++: 19.16.27032.01
LogInit: Build Configuration: Development
LogInit: Branch Name: ++UE4+Release-4.24
LogInit: Command Line: 
LogInit: Base Directory: C:/Program Files/Epic Games/UE_4.24/Engine/Binaries/Win64/
LogInit: Installed Engine Build: 1
LogDevObjectVersion: Number of dev versions registered: 25
LogDevObjectVersion:   Dev-Blueprints (B0D832E4-1F89-4F0D-ACCF-7EB736FD4AA2): 10
LogDevObjectVersion:   Dev-Build (E1C64328-A22C-4D53-A36C-8E866417BD8C): 0
LogDevObjectVersion:   Dev-Core (375EC13C-06E4-48FB-B500-84F0262A717E): 3
LogDevObjectVersion:   Dev-Editor (E4B068ED-F494-42E9-A231-DA0B2E46BB41): 37
LogDevObjectVersion:   Dev-Framework (CFFC743F-43B0-4480-9391-14DF171D2073): 36
LogDevObjectVersion:   Dev-Mobile (B02B49B5-BB20-44E9-A304-32B752E40360): 2
LogDevObjectVersion:   Dev-Networking (A4E4105C-59A1-49B5-A7C5-40C4547EDFEE): 0
LogDevObjectVersion:   Dev-Online (39C831C9-5AE6-47DC-9A44-9C173E1C8E7C): 0
LogDevObjectVersion:   Dev-Physics (78F01B33-EBEA-4F98-B9B4-84EACCB95AA2): 2
LogDevObjectVersion:   Dev-Platform (6631380F-2D4D-43E0-8009-CF276956A95A): 0
LogDevObjectVersion:   Dev-Rendering (12F88B9F-8875-4AFC-A67C-D90C383ABD29): 36
LogDevObjectVersion:   Dev-Sequencer (7B5AE74C-D270-4C10-A958-57980B212A5A): 11
LogDevObjectVersion:   Dev-VR (D7296918-1DD6-4BDD-9DE2-64A83CC13884): 2
LogDevObjectVersion:   Dev-LoadTimes (C2A15278-BFE7-4AFE-6C17-90FF531DF755): 1
LogDevObjectVersion:   Private-Geometry (6EACA3D4-40EC-4CC1-B786-8BED09428FC5): 3
LogDevObjectVersion:   Dev-AnimPhys (29E575DD-E0A3-4627-9D10-D276232CDCEA): 17
LogDevObjectVersion:   Dev-Anim (AF43A65D-7FD3-4947-9873-3E8ED9C1BB05): 2
LogDevObjectVersion:   Dev-ReflectionCapture (6B266CEC-1EC7-4B8F-A30B-E4D90942FC07): 1
LogDevObjectVersion:   Dev-Automation (0DF73D61-A23F-47EA-B727-89E90C41499A): 1
LogDevObjectVersion:   FortniteMain (601D1886-AC64-4F84-AA16-D3DE0DEAC7D6): 31
LogDevObjectVersion:   Dev-Enterprise (9DFFBCD6-494F-0158-E221-12823C92A888): 8
LogDevObjectVersion:   Dev-Niagara (F2AED0AC-9AFE-416F-8664-AA7FFA26D6FC): 1
LogDevObjectVersion:   Dev-Destruction (174F1F0B-B4C6-45A5-B13F-2EE8D0FB917D): 9
LogDevObjectVersion:   Dev-Physics-Ext (35F94A83-E258-406C-A318-09F59610247C): 8
LogDevObjectVersion:   Dev-CineCamera (B2E18506-4273-CFC2-A54E-F4BB758BBA07): 1
LogInit: Presizing for max 25165824 objects, including 0 objects not considered by GC, pre-allocating 0 bytes for permanent pool.
LogInit: Object subsystem initialized
LogConfig: Setting CVar [[con.DebugEarlyDefault:1]]
LogConfig: Setting CVar [[r.setres:1280x720]]
[2020.09.04-02.28.34:880][  0]LogConfig: Setting CVar [[r.VSync:0]]
[2020.09.04-02.28.34:880][  0]LogConfig: Setting CVar [[r.RHICmdBypass:0]]
[2020.09.04-02.28.34:880][  0]LogConfig: Applying CVar settings from Section [/Script/Engine.RendererSettings] File [C:/Users/IM/Desktop/2020_september_VR_Basketball/VR_Basketball/Saved/Config/Windows/Engine.ini]
[2020.09.04-02.28.34:880][  0]LogConfig: Setting CVar [[r.GPUCrashDebugging:0]]
[2020.09.04-02.28.34:880][  0]LogConfig: Setting CVar [[r.DefaultFeature.AmbientOcclusion:0]]
[2020.09.04-02.28.34:880][  0]LogConfig: Setting CVar [[r.DefaultFeature.AmbientOcclusionStaticFraction:0]]
[2020.09.04-02.28.34:880][  0]LogConfig: Setting CVar [[vr.InstancedStereo:1]]
[2020.09.04-02.28.34:880][  0]LogConfig: Setting CVar [[r.SeparateTranslucency:0]]
[2020.09.04-02.28.34:880][  0]LogConfig: Setting CVar [[r.HZBOcclusion:0]]
[2020.09.04-02.28.34:881][  0]LogConfig: Setting CVar [[r.SSR.MaxRoughness:0]]
[2020.09.04-02.28.34:881][  0]LogConfig: Setting CVar [[r.rhicmdbypass:0]]
[2020.09.04-02.28.34:881][  0]LogConfig: Applying CVar settings from Section [/Script/Engine.RendererOverrideSettings] File [C:/Users/IM/Desktop/2020_september_VR_Basketball/VR_Basketball/Saved/Config/Windows/Engine.ini]
[2020.09.04-02.28.34:881][  0]LogConfig: Applying CVar settings from Section [/Script/Engine.StreamingSettings] File [C:/Users/IM/Desktop/2020_september_VR_Basketball/VR_Basketball/Saved/Config/Windows/Engine.ini]
[2020.09.04-02.28.34:881][  0]LogConfig: Setting CVar [[s.MinBulkDataSizeForAsyncLoading:131072]]
[2020.09.04-02.28.34:881][  0]LogConfig: Setting CVar [[s.AsyncLoadingThreadEnabled:0]]
[2020.09.04-02.28.34:881][  0]LogConfig: Setting CVar [[s.EventDrivenLoaderEnabled:1]]
[2020.09.04-02.28.34:881][  0]LogConfig: Setting CVar [[s.WarnIfTimeLimitExceeded:0]]
[2020.09.04-02.28.34:881][  0]LogConfig: Setting CVar [[s.TimeLimitExceededMultiplier:1.5]]
[2020.09.04-02.28.34:881][  0]LogConfig: Setting CVar [[s.TimeLimitExceededMinTime:0.005]]
[2020.09.04-02.28.34:881][  0]LogConfig: Setting CVar [[s.UseBackgroundLevelStreaming:1]]
[2020.09.04-02.28.34:881][  0]LogConfig: Setting CVar [[s.PriorityAsyncLoadingExtraTime:15.0]]
[2020.09.04-02.28.34:881][  0]LogConfig: Setting CVar [[s.LevelStreamingActorsUpdateTimeLimit:5.0]]
[2020.09.04-02.28.34:881][  0]LogConfig: Setting CVar [[s.PriorityLevelStreamingActorsUpdateExtraTime:5.0]]
[2020.09.04-02.28.34:881][  0]LogConfig: Setting CVar [[s.LevelStreamingComponentsRegistrationGranularity:10]]
[2020.09.04-02.28.34:881][  0]LogConfig: Setting CVar [[s.UnregisterComponentsTimeLimit:1.0]]
[2020.09.04-02.28.34:881][  0]LogConfig: Setting CVar [[s.LevelStreamingComponentsUnregistrationGranularity:5]]
[2020.09.04-02.28.34:881][  0]LogConfig: Setting CVar [[s.FlushStreamingOnExit:1]]
[2020.09.04-02.28.34:889][  0]LogConfig: Applying CVar settings from Section [/Script/Engine.GarbageCollectionSettings] File [C:/Users/IM/Desktop/2020_september_VR_Basketball/VR_Basketball/Saved/Config/Windows/Engine.ini]
[2020.09.04-02.28.34:889][  0]LogConfig: Setting CVar [[gc.MaxObjectsNotConsideredByGC:1]]
[2020.09.04-02.28.34:889][  0]LogConfig: Setting CVar [[gc.SizeOfPermanentObjectPool:0]]
[2020.09.04-02.28.34:889][  0]LogConfig: Setting CVar [[gc.FlushStreamingOnGC:0]]
[2020.09.04-02.28.34:889][  0]LogConfig: Setting CVar [[gc.NumRetriesBeforeForcingGC:10]]
[2020.09.04-02.28.34:889][  0]LogConfig: Setting CVar [[gc.AllowParallelGC:1]]
[2020.09.04-02.28.34:889][  0]LogConfig: Setting CVar [[gc.TimeBetweenPurgingPendingKillObjects:61.1]]
[2020.09.04-02.28.34:889][  0]LogConfig: Setting CVar [[gc.MaxObjectsInEditor:25165824]]
[2020.09.04-02.28.34:889][  0]LogConfig: Setting CVar [[gc.IncrementalBeginDestroyEnabled:1]]
[2020.09.04-02.28.34:889][  0]LogConfig: Setting CVar [[gc.CreateGCClusters:1]]
[2020.09.04-02.28.34:889][  0]LogConfig: Setting CVar [[gc.MinGCClusterSize:5]]
[2020.09.04-02.28.34:889][  0]LogConfig: Setting CVar [[gc.ActorClusteringEnabled:0]]
[2020.09.04-02.28.34:889][  0]LogConfig: Setting CVar [[gc.BlueprintClusteringEnabled:0]]
[2020.09.04-02.28.34:889][  0]LogConfig: Setting CVar [[gc.UseDisregardForGCOnDedicatedServers:0]]
[2020.09.04-02.28.34:889][  0]LogConfig: Applying CVar settings from Section [/Script/Engine.NetworkSettings] File [C:/Users/IM/Desktop/2020_september_VR_Basketball/VR_Basketball/Saved/Config/Windows/Engine.ini]
[2020.09.04-02.28.34:889][  0]LogConfig: Applying CVar settings from Section [/Script/UnrealEd.CookerSettings] File [C:/Users/IM/Desktop/2020_september_VR_Basketball/VR_Basketball/Saved/Config/Windows/Engine.ini]
[2020.09.04-02.28.34:905][  0]LogConfig: Applying CVar settings from Section [ViewDistanceQuality@3] File [C:/Users/IM/Desktop/2020_september_VR_Basketball/VR_Basketball/Saved/Config/Windows/Scalability.ini]
[2020.09.04-02.28.34:905][  0]LogConfig: Setting CVar [[r.SkeletalMeshLODBias:0]]
[2020.09.04-02.28.34:905][  0]LogConfig: Setting CVar [[r.ViewDistanceScale:1.0]]
[2020.09.04-02.28.34:905][  0]LogConfig: Applying CVar settings from Section [AntiAliasingQuality@3] File [C:/Users/IM/Desktop/2020_september_VR_Basketball/VR_Basketball/Saved/Config/Windows/Scalability.ini]
[2020.09.04-02.28.34:905][  0]LogConfig: Setting CVar [[r.PostProcessAAQuality:3]]
[2020.09.04-02.28.34:905][  0]LogConfig: Applying CVar settings from Section [ShadowQuality@3] File [C:/Users/IM/Desktop/2020_september_VR_Basketball/VR_Basketball/Saved/Config/Windows/Scalability.ini]
[2020.09.04-02.28.34:905][  0]LogConfig: Setting CVar [[r.LightFunctionQuality:1]]
[2020.09.04-02.28.34:905][  0]LogConfig: Setting CVar [[r.ShadowQuality:5]]
[2020.09.04-02.28.34:905][  0]LogConfig: Setting CVar [[r.Shadow.CSM.MaxCascades:10]]
[2020.09.04-02.28.34:905][  0]LogConfig: Setting CVar [[r.Shadow.MaxResolution:2048]]
[2020.09.04-02.28.34:905][  0]LogConfig: Setting CVar [[r.Shadow.MaxCSMResolution:2048]]
[2020.09.04-02.28.34:905][  0]LogConfig: Setting CVar [[r.Shadow.RadiusThreshold:0.01]]
[2020.09.04-02.28.34:905][  0]LogConfig: Setting CVar [[r.Shadow.DistanceScale:1.0]]
[2020.09.04-02.28.34:905][  0]LogConfig: Setting CVar [[r.Shadow.CSM.TransitionScale:1.0]]
[2020.09.04-02.28.34:905][  0]LogConfig: Setting CVar [[r.Shadow.PreShadowResolutionFactor:1.0]]
[2020.09.04-02.28.34:905][  0]LogConfig: Setting CVar [[r.DistanceFieldShadowing:1]]
[2020.09.04-02.28.34:905][  0]LogConfig: Setting CVar [[r.DistanceFieldAO:1]]
[2020.09.04-02.28.34:905][  0]LogConfig: Setting CVar [[r.AOQuality:2]]
[2020.09.04-02.28.34:905][  0]LogConfig: Setting CVar [[r.VolumetricFog:1]]
[2020.09.04-02.28.34:906][  0]LogConfig: Setting CVar [[r.VolumetricFog.GridPixelSize:8]]
[2020.09.04-02.28.34:906][  0]LogConfig: Setting CVar [[r.VolumetricFog.GridSizeZ:128]]
[2020.09.04-02.28.34:906][  0]LogConfig: Setting CVar [[r.VolumetricFog.HistoryMissSupersampleCount:4]]
[2020.09.04-02.28.34:906][  0]LogConfig: Setting CVar [[r.LightMaxDrawDistanceScale:1]]
[2020.09.04-02.28.34:906][  0]LogConfig: Setting CVar [[r.CapsuleShadows:1]]
[2020.09.04-02.28.34:906][  0]LogConfig: Applying CVar settings from Section [PostProcessQuality@3] File [C:/Users/IM/Desktop/2020_september_VR_Basketball/VR_Basketball/Saved/Config/Windows/Scalability.ini]
[2020.09.04-02.28.34:906][  0]LogConfig: Setting CVar [[r.MotionBlurQuality:0]]
[2020.09.04-02.28.34:906][  0]LogConfig: Setting CVar [[r.AmbientOcclusionMipLevelFactor:0.4]]
[2020.09.04-02.28.34:906][  0]LogConfig: Setting CVar [[r.AmbientOcclusionMaxQuality:100]]
[2020.09.04-02.28.34:906][  0]LogConfig: Setting CVar [[r.AmbientOcclusionLevels:0]]
[2020.09.04-02.28.34:906][  0]LogConfig: Setting CVar [[r.AmbientOcclusionRadiusScale:1.0]]
[2020.09.04-02.28.34:906][  0]LogConfig: Setting CVar [[r.DepthOfFieldQuality:0]]
[2020.09.04-02.28.34:906][  0]LogConfig: Setting CVar [[r.RenderTargetPoolMin:400]]
[2020.09.04-02.28.34:906][  0]LogConfig: Setting CVar [[r.LensFlareQuality:0]]
[2020.09.04-02.28.34:906][  0]LogConfig: Setting CVar [[r.SceneColorFringeQuality:0]]
[2020.09.04-02.28.34:906][  0]LogConfig: Setting CVar [[r.EyeAdaptationQuality:2]]
[2020.09.04-02.28.34:906][  0]LogConfig: Setting CVar [[r.BloomQuality:1]]
[2020.09.04-02.28.34:906][  0]LogConfig: Setting CVar [[r.FastBlurThreshold:0]]
[2020.09.04-02.28.34:906][  0]LogConfig: Setting CVar [[r.Upscale.Quality:3]]
[2020.09.04-02.28.34:906][  0]LogConfig: Setting CVar [[r.Tonemapper.GrainQuantization:1]]
[2020.09.04-02.28.34:906][  0]LogConfig: Setting CVar [[r.LightShaftQuality:1]]
[2020.09.04-02.28.34:906][  0]LogConfig: Setting CVar [[r.Filter.SizeScale:1]]
[2020.09.04-02.28.34:906][  0]LogConfig: Setting CVar [[r.Tonemapper.Quality:5]]
[2020.09.04-02.28.34:906][  0]LogConfig: Setting CVar [[r.DOF.Gather.AccumulatorQuality:1        ; higher gathering accumulator quality]]
[2020.09.04-02.28.34:906][  0]LogConfig: Setting CVar [[r.DOF.Gather.PostfilterMethod:1          ; Median3x3 postfilering method]]
[2020.09.04-02.28.34:906][  0]LogConfig: Setting CVar [[r.DOF.Gather.EnableBokehSettings:0       ; no bokeh simulation when gathering]]
[2020.09.04-02.28.34:906][  0]LogConfig: Setting CVar [[r.DOF.Gather.RingCount:4                 ; medium number of samples when gathering]]
[2020.09.04-02.28.34:906][  0]LogConfig: Setting CVar [[r.DOF.Scatter.ForegroundCompositing:1    ; additive foreground scattering]]
[2020.09.04-02.28.34:906][  0]LogConfig: Setting CVar [[r.DOF.Scatter.BackgroundCompositing:2    ; additive background scattering]]
[2020.09.04-02.28.34:906][  0]LogConfig: Setting CVar [[r.DOF.Scatter.EnableBokehSettings:1      ; bokeh simulation when scattering]]
[2020.09.04-02.28.34:906][  0]LogConfig: Setting CVar [[r.DOF.Scatter.MaxSpriteRatio:0.1         ; only a maximum of 10% of scattered bokeh]]
[2020.09.04-02.28.34:906][  0]LogConfig: Setting CVar [[r.DOF.Recombine.Quality:1                ; cheap slight out of focus]]
[2020.09.04-02.28.34:906][  0]LogConfig: Setting CVar [[r.DOF.Recombine.EnableBokehSettings:0    ; no bokeh simulation on slight out of focus]]
[2020.09.04-02.28.34:906][  0]LogConfig: Setting CVar [[r.DOF.TemporalAAQuality:1                ; more stable temporal accumulation]]
[2020.09.04-02.28.34:906][  0]LogConfig: Setting CVar [[r.DOF.Kernel.MaxForegroundRadius:0.025]]
[2020.09.04-02.28.34:906][  0]LogConfig: Setting CVar [[r.DOF.Kernel.MaxBackgroundRadius:0.025]]
[2020.09.04-02.28.34:906][  0]LogConfig: Applying CVar settings from Section [TextureQuality@3] File [C:/Users/IM/Desktop/2020_september_VR_Basketball/VR_Basketball/Saved/Config/Windows/Scalability.ini]
[2020.09.04-02.28.34:906][  0]LogConfig: Setting CVar [[r.Streaming.MipBias:0]]
[2020.09.04-02.28.34:906][  0]LogConfig: Setting CVar [[r.Streaming.AmortizeCPUToGPUCopy:0]]
[2020.09.04-02.28.34:906][  0]LogConfig: Setting CVar [[r.Streaming.MaxNumTexturesToStreamPerFrame:0]]
[2020.09.04-02.28.34:906][  0]LogConfig: Setting CVar [[r.Streaming.Boost:1]]
[2020.09.04-02.28.34:906][  0]LogConfig: Setting CVar [[r.MaxAnisotropy:8]]
[2020.09.04-02.28.34:906][  0]LogConfig: Setting CVar [[r.VT.MaxAnisotropy:8]]
[2020.09.04-02.28.34:906][  0]LogConfig: Setting CVar [[r.Streaming.LimitPoolSizeToVRAM:0]]
[2020.09.04-02.28.34:906][  0]LogConfig: Setting CVar [[r.Streaming.PoolSize:1000]]
[2020.09.04-02.28.34:906][  0]LogConfig: Setting CVar [[r.Streaming.MaxEffectiveScreenSize:0]]
[2020.09.04-02.28.34:906][  0]LogConfig: Applying CVar settings from Section [EffectsQuality@3] File [C:/Users/IM/Desktop/2020_september_VR_Basketball/VR_Basketball/Saved/Config/Windows/Scalability.ini]
[2020.09.04-02.28.34:906][  0]LogConfig: Setting CVar [[r.TranslucencyLightingVolumeDim:4]]
[2020.09.04-02.28.34:906][  0]LogConfig: Setting CVar [[r.RefractionQuality:2]]
[2020.09.04-02.28.34:906][  0]LogConfig: Setting CVar [[r.SSR.Quality:0]]
[2020.09.04-02.28.34:906][  0]LogConfig: Setting CVar [[r.SSR.HalfResSceneColor:0]]
[2020.09.04-02.28.34:906][  0]LogConfig: Setting CVar [[r.SceneColorFormat:2]]
[2020.09.04-02.28.34:906][  0]LogConfig: Setting CVar [[r.DetailMode:2]]
[2020.09.04-02.28.34:906][  0]LogConfig: Setting CVar [[r.TranslucencyVolumeBlur:0]]
[2020.09.04-02.28.34:906][  0]LogConfig: Setting CVar [[r.MaterialQualityLevel:1 ; High quality]]
[2020.09.04-02.28.34:906][  0]LogConfig: Setting CVar [[r.SSS.Scale:1]]
[2020.09.04-02.28.34:906][  0]LogConfig: Setting CVar [[r.SSS.SampleSet:2]]
[2020.09.04-02.28.34:906][  0]LogConfig: Setting CVar [[r.SSS.Quality:1]]
[2020.09.04-02.28.34:906][  0]LogConfig: Setting CVar [[r.SSS.HalfRes:1]]
[2020.09.04-02.28.34:906][  0]LogConfig: Setting CVar [[r.SSGI.Quality:3]]
[2020.09.04-02.28.34:906][  0]LogConfig: Setting CVar [[r.EmitterSpawnRateScale:1.0]]
[2020.09.04-02.28.34:906][  0]LogConfig: Setting CVar [[r.ParticleLightQuality:2]]
[2020.09.04-02.28.34:906][  0]LogConfig: Setting CVar [[r.SkyAtmosphere.AerialPerspectiveLUT.FastApplyOnOpaque:1 ; Always have FastSkyLUT 1 in this case to avoid wrong sky]]
[2020.09.04-02.28.34:906][  0]LogConfig: Setting CVar [[r.SkyAtmosphere.AerialPerspectiveLUT.SampleCountPerSlice:1]]
[2020.09.04-02.28.34:906][  0]LogConfig: Setting CVar [[r.SkyAtmosphere.AerialPerspectiveLUT.DepthResolution:16.0]]
[2020.09.04-02.28.34:906][  0]LogConfig: Setting CVar [[r.SkyAtmosphere.FastSkyLUT:1]]
[2020.09.04-02.28.34:906][  0]LogConfig: Setting CVar [[r.SkyAtmosphere.FastSkyLUT.SampleCountMin:4.0]]
[2020.09.04-02.28.34:906][  0]LogConfig: Setting CVar [[r.SkyAtmosphere.FastSkyLUT.SampleCountMax:32.0]]
[2020.09.04-02.28.34:906][  0]LogConfig: Setting CVar [[r.SkyAtmosphere.SampleCountMin:4.0]]
[2020.09.04-02.28.34:906][  0]LogConfig: Setting CVar [[r.SkyAtmosphere.SampleCountMax:32.0]]
[2020.09.04-02.28.34:906][  0]LogConfig: Setting CVar [[r.SkyAtmosphere.TransmittanceLUT.UseSmallFormat:0]]
[2020.09.04-02.28.34:906][  0]LogConfig: Setting CVar [[r.SkyAtmosphere.TransmittanceLUT.SampleCount:10.0]]
[2020.09.04-02.28.34:906][  0]LogConfig: Setting CVar [[r.SkyAtmosphere.MultiScatteringLUT.SampleCount:15.0]]
[2020.09.04-02.28.34:906][  0]LogConfig: Applying CVar settings from Section [FoliageQuality@3] File [C:/Users/IM/Desktop/2020_september_VR_Basketball/VR_Basketball/Saved/Config/Windows/Scalability.ini]
[2020.09.04-02.28.34:906][  0]LogConfig: Setting CVar [[foliage.DensityScale:1.0]]
[2020.09.04-02.28.34:906][  0]LogConfig: Setting CVar [[grass.DensityScale:1.0]]
[2020.09.04-02.28.34:906][  0]LogConfig: Applying CVar settings from Section [ShadingQuality@3] File [C:/Users/IM/Desktop/2020_september_VR_Basketball/VR_Basketball/Saved/Config/Windows/Scalability.ini]
[2020.09.04-02.28.34:906][  0]LogConfig: Setting CVar [[r.HairStrands.SkyLighting.SampleCount:16]]
[2020.09.04-02.28.34:906][  0]LogConfig: Setting CVar [[r.HairStrands.SkyLighting.JitterIntegration:0]]
[2020.09.04-02.28.34:906][  0]LogConfig: Setting CVar [[r.HairStrands.SkyAO.SampleCount:16]]
[2020.09.04-02.28.34:906][  0]LogInit: Selected Device Profile: [Windows]
[2020.09.04-02.28.34:906][  0]LogInit: Applying CVar settings loaded from the selected device profile: [Windows]
[2020.09.04-02.28.35:029][  0]LogHAL: Display: Platform has ~ 16 GB [17048686592 / 17179869184 / 16], which maps to Larger [LargestMinGB=32, LargerMinGB=12, DefaultMinGB=8, SmallerMinGB=6, SmallestMinGB=0)
[2020.09.04-02.28.35:029][  0]LogInit: Going up to parent DeviceProfile []
[2020.09.04-02.28.35:029][  0]LogConfig: Applying CVar settings from Section [ViewDistanceQuality@3] File [C:/Users/IM/Desktop/2020_september_VR_Basketball/VR_Basketball/Saved/Config/Windows/Scalability.ini]
[2020.09.04-02.28.35:029][  0]LogConfig: Setting CVar [[r.SkeletalMeshLODBias:0]]
[2020.09.04-02.28.35:029][  0]LogConfig: Setting CVar [[r.ViewDistanceScale:1.0]]
[2020.09.04-02.28.35:029][  0]LogConfig: Applying CVar settings from Section [AntiAliasingQuality@3] File [C:/Users/IM/Desktop/2020_september_VR_Basketball/VR_Basketball/Saved/Config/Windows/Scalability.ini]
[2020.09.04-02.28.35:029][  0]LogConfig: Setting CVar [[r.PostProcessAAQuality:3]]
[2020.09.04-02.28.35:029][  0]LogConfig: Applying CVar settings from Section [ShadowQuality@3] File [C:/Users/IM/Desktop/2020_september_VR_Basketball/VR_Basketball/Saved/Config/Windows/Scalability.ini]
[2020.09.04-02.28.35:029][  0]LogConfig: Setting CVar [[r.LightFunctionQuality:1]]
[2020.09.04-02.28.35:029][  0]LogConfig: Setting CVar [[r.ShadowQuality:5]]
[2020.09.04-02.28.35:029][  0]LogConfig: Setting CVar [[r.Shadow.CSM.MaxCascades:10]]
[2020.09.04-02.28.35:029][  0]LogConfig: Setting CVar [[r.Shadow.MaxResolution:2048]]
[2020.09.04-02.28.35:029][  0]LogConfig: Setting CVar [[r.Shadow.MaxCSMResolution:2048]]
[2020.09.04-02.28.35:029][  0]LogConfig: Setting CVar [[r.Shadow.RadiusThreshold:0.01]]
[2020.09.04-02.28.35:029][  0]LogConfig: Setting CVar [[r.Shadow.DistanceScale:1.0]]
[2020.09.04-02.28.35:029][  0]LogConfig: Setting CVar [[r.Shadow.CSM.TransitionScale:1.0]]
[2020.09.04-02.28.35:029][  0]LogConfig: Setting CVar [[r.Shadow.PreShadowResolutionFactor:1.0]]
[2020.09.04-02.28.35:029][  0]LogConfig: Setting CVar [[r.DistanceFieldShadowing:1]]
[2020.09.04-02.28.35:029][  0]LogConfig: Setting CVar [[r.DistanceFieldAO:1]]
[2020.09.04-02.28.35:029][  0]LogConfig: Setting CVar [[r.AOQuality:2]]
[2020.09.04-02.28.35:029][  0]LogConfig: Setting CVar [[r.VolumetricFog:1]]
[2020.09.04-02.28.35:029][  0]LogConfig: Setting CVar [[r.VolumetricFog.GridPixelSize:8]]
[2020.09.04-02.28.35:029][  0]LogConfig: Setting CVar [[r.VolumetricFog.GridSizeZ:128]]
[2020.09.04-02.28.35:029][  0]LogConfig: Setting CVar [[r.VolumetricFog.HistoryMissSupersampleCount:4]]
[2020.09.04-02.28.35:029][  0]LogConfig: Setting CVar [[r.LightMaxDrawDistanceScale:1]]
[2020.09.04-02.28.35:029][  0]LogConfig: Setting CVar [[r.CapsuleShadows:1]]
[2020.09.04-02.28.35:029][  0]LogConfig: Applying CVar settings from Section [PostProcessQuality@3] File [C:/Users/IM/Desktop/2020_september_VR_Basketball/VR_Basketball/Saved/Config/Windows/Scalability.ini]
[2020.09.04-02.28.35:029][  0]LogConfig: Setting CVar [[r.MotionBlurQuality:0]]
[2020.09.04-02.28.35:029][  0]LogConfig: Setting CVar [[r.AmbientOcclusionMipLevelFactor:0.4]]
[2020.09.04-02.28.35:029][  0]LogConfig: Setting CVar [[r.AmbientOcclusionMaxQuality:100]]
[2020.09.04-02.28.35:029][  0]LogConfig: Setting CVar [[r.AmbientOcclusionLevels:0]]
[2020.09.04-02.28.35:029][  0]LogConfig: Setting CVar [[r.AmbientOcclusionRadiusScale:1.0]]
[2020.09.04-02.28.35:029][  0]LogConfig: Setting CVar [[r.DepthOfFieldQuality:0]]
[2020.09.04-02.28.35:029][  0]LogConfig: Setting CVar [[r.RenderTargetPoolMin:400]]
[2020.09.04-02.28.35:029][  0]LogConfig: Setting CVar [[r.LensFlareQuality:0]]
[2020.09.04-02.28.35:029][  0]LogConfig: Setting CVar [[r.SceneColorFringeQuality:0]]
[2020.09.04-02.28.35:029][  0]LogConfig: Setting CVar [[r.EyeAdaptationQuality:2]]
[2020.09.04-02.28.35:029][  0]LogConfig: Setting CVar [[r.BloomQuality:1]]
[2020.09.04-02.28.35:029][  0]LogConfig: Setting CVar [[r.FastBlurThreshold:0]]
[2020.09.04-02.28.35:029][  0]LogConfig: Setting CVar [[r.Upscale.Quality:3]]
[2020.09.04-02.28.35:029][  0]LogConfig: Setting CVar [[r.Tonemapper.GrainQuantization:1]]
[2020.09.04-02.28.35:029][  0]LogConfig: Setting CVar [[r.LightShaftQuality:1]]
[2020.09.04-02.28.35:029][  0]LogConfig: Setting CVar [[r.Filter.SizeScale:1]]
[2020.09.04-02.28.35:029][  0]LogConfig: Setting CVar [[r.Tonemapper.Quality:5]]
[2020.09.04-02.28.35:029][  0]LogConfig: Setting CVar [[r.DOF.Gather.AccumulatorQuality:1        ; higher gathering accumulator quality]]
[2020.09.04-02.28.35:029][  0]LogConfig: Setting CVar [[r.DOF.Gather.PostfilterMethod:1          ; Median3x3 postfilering method]]
[2020.09.04-02.28.35:029][  0]LogConfig: Setting CVar [[r.DOF.Gather.EnableBokehSettings:0       ; no bokeh simulation when gathering]]
[2020.09.04-02.28.35:029][  0]LogConfig: Setting CVar [[r.DOF.Gather.RingCount:4                 ; medium number of samples when gathering]]
[2020.09.04-02.28.35:029][  0]LogConfig: Setting CVar [[r.DOF.Scatter.ForegroundCompositing:1    ; additive foreground scattering]]
[2020.09.04-02.28.35:029][  0]LogConfig: Setting CVar [[r.DOF.Scatter.BackgroundCompositing:2    ; additive background scattering]]
[2020.09.04-02.28.35:029][  0]LogConfig: Setting CVar [[r.DOF.Scatter.EnableBokehSettings:1      ; bokeh simulation when scattering]]
[2020.09.04-02.28.35:029][  0]LogConfig: Setting CVar [[r.DOF.Scatter.MaxSpriteRatio:0.1         ; only a maximum of 10% of scattered bokeh]]
[2020.09.04-02.28.35:029][  0]LogConfig: Setting CVar [[r.DOF.Recombine.Quality:1                ; cheap slight out of focus]]
[2020.09.04-02.28.35:030][  0]LogConfig: Setting CVar [[r.DOF.Recombine.EnableBokehSettings:0    ; no bokeh simulation on slight out of focus]]
[2020.09.04-02.28.35:030][  0]LogConfig: Setting CVar [[r.DOF.TemporalAAQuality:1                ; more stable temporal accumulation]]
[2020.09.04-02.28.35:030][  0]LogConfig: Setting CVar [[r.DOF.Kernel.MaxForegroundRadius:0.025]]
[2020.09.04-02.28.35:030][  0]LogConfig: Setting CVar [[r.DOF.Kernel.MaxBackgroundRadius:0.025]]
[2020.09.04-02.28.35:030][  0]LogConfig: Applying CVar settings from Section [TextureQuality@3] File [C:/Users/IM/Desktop/2020_september_VR_Basketball/VR_Basketball/Saved/Config/Windows/Scalability.ini]
[2020.09.04-02.28.35:030][  0]LogConfig: Setting CVar [[r.Streaming.MipBias:0]]
[2020.09.04-02.28.35:030][  0]LogConfig: Setting CVar [[r.Streaming.AmortizeCPUToGPUCopy:0]]
[2020.09.04-02.28.35:030][  0]LogConfig: Setting CVar [[r.Streaming.MaxNumTexturesToStreamPerFrame:0]]
[2020.09.04-02.28.35:030][  0]LogConfig: Setting CVar [[r.Streaming.Boost:1]]
[2020.09.04-02.28.35:030][  0]LogConfig: Setting CVar [[r.MaxAnisotropy:8]]
[2020.09.04-02.28.35:030][  0]LogConfig: Setting CVar [[r.VT.MaxAnisotropy:8]]
[2020.09.04-02.28.35:030][  0]LogConfig: Setting CVar [[r.Streaming.LimitPoolSizeToVRAM:0]]
[2020.09.04-02.28.35:030][  0]LogConfig: Setting CVar [[r.Streaming.PoolSize:1000]]
[2020.09.04-02.28.35:030][  0]LogConfig: Setting CVar [[r.Streaming.MaxEffectiveScreenSize:0]]
[2020.09.04-02.28.35:030][  0]LogConfig: Applying CVar settings from Section [EffectsQuality@3] File [C:/Users/IM/Desktop/2020_september_VR_Basketball/VR_Basketball/Saved/Config/Windows/Scalability.ini]
[2020.09.04-02.28.35:030][  0]LogConfig: Setting CVar [[r.TranslucencyLightingVolumeDim:4]]
[2020.09.04-02.28.35:030][  0]LogConfig: Setting CVar [[r.RefractionQuality:2]]
[2020.09.04-02.28.35:030][  0]LogConfig: Setting CVar [[r.SSR.Quality:0]]
[2020.09.04-02.28.35:030][  0]LogConfig: Setting CVar [[r.SSR.HalfResSceneColor:0]]
[2020.09.04-02.28.35:030][  0]LogConfig: Setting CVar [[r.SceneColorFormat:2]]
[2020.09.04-02.28.35:030][  0]LogConfig: Setting CVar [[r.DetailMode:2]]
[2020.09.04-02.28.35:030][  0]LogConfig: Setting CVar [[r.TranslucencyVolumeBlur:0]]
[2020.09.04-02.28.35:030][  0]LogConfig: Setting CVar [[r.MaterialQualityLevel:1 ; High quality]]
[2020.09.04-02.28.35:030][  0]LogConfig: Setting CVar [[r.SSS.Scale:1]]
[2020.09.04-02.28.35:030][  0]LogConfig: Setting CVar [[r.SSS.SampleSet:2]]
[2020.09.04-02.28.35:030][  0]LogConfig: Setting CVar [[r.SSS.Quality:1]]
[2020.09.04-02.28.35:030][  0]LogConfig: Setting CVar [[r.SSS.HalfRes:1]]
[2020.09.04-02.28.35:030][  0]LogConfig: Setting CVar [[r.SSGI.Quality:3]]
[2020.09.04-02.28.35:030][  0]LogConfig: Setting CVar [[r.EmitterSpawnRateScale:1.0]]
[2020.09.04-02.28.35:030][  0]LogConfig: Setting CVar [[r.ParticleLightQuality:2]]
[2020.09.04-02.28.35:030][  0]LogConfig: Setting CVar [[r.SkyAtmosphere.AerialPerspectiveLUT.FastApplyOnOpaque:1 ; Always have FastSkyLUT 1 in this case to avoid wrong sky]]
[2020.09.04-02.28.35:030][  0]LogConfig: Setting CVar [[r.SkyAtmosphere.AerialPerspectiveLUT.SampleCountPerSlice:1]]
[2020.09.04-02.28.35:030][  0]LogConfig: Setting CVar [[r.SkyAtmosphere.AerialPerspectiveLUT.DepthResolution:16.0]]
[2020.09.04-02.28.35:030][  0]LogConfig: Setting CVar [[r.SkyAtmosphere.FastSkyLUT:1]]
[2020.09.04-02.28.35:030][  0]LogConfig: Setting CVar [[r.SkyAtmosphere.FastSkyLUT.SampleCountMin:4.0]]
[2020.09.04-02.28.35:030][  0]LogConfig: Setting CVar [[r.SkyAtmosphere.FastSkyLUT.SampleCountMax:32.0]]
[2020.09.04-02.28.35:030][  0]LogConfig: Setting CVar [[r.SkyAtmosphere.SampleCountMin:4.0]]
[2020.09.04-02.28.35:030][  0]LogConfig: Setting CVar [[r.SkyAtmosphere.SampleCountMax:32.0]]
[2020.09.04-02.28.35:030][  0]LogConfig: Setting CVar [[r.SkyAtmosphere.TransmittanceLUT.UseSmallFormat:0]]
[2020.09.04-02.28.35:030][  0]LogConfig: Setting CVar [[r.SkyAtmosphere.TransmittanceLUT.SampleCount:10.0]]
[2020.09.04-02.28.35:030][  0]LogConfig: Setting CVar [[r.SkyAtmosphere.MultiScatteringLUT.SampleCount:15.0]]
[2020.09.04-02.28.35:030][  0]LogConfig: Applying CVar settings from Section [FoliageQuality@3] File [C:/Users/IM/Desktop/2020_september_VR_Basketball/VR_Basketball/Saved/Config/Windows/Scalability.ini]
[2020.09.04-02.28.35:030][  0]LogConfig: Setting CVar [[foliage.DensityScale:1.0]]
[2020.09.04-02.28.35:030][  0]LogConfig: Setting CVar [[grass.DensityScale:1.0]]
[2020.09.04-02.28.35:030][  0]LogConfig: Applying CVar settings from Section [ShadingQuality@3] File [C:/Users/IM/Desktop/2020_september_VR_Basketball/VR_Basketball/Saved/Config/Windows/Scalability.ini]
[2020.09.04-02.28.35:030][  0]LogConfig: Setting CVar [[r.HairStrands.SkyLighting.SampleCount:16]]
[2020.09.04-02.28.35:030][  0]LogConfig: Setting CVar [[r.HairStrands.SkyLighting.JitterIntegration:0]]
[2020.09.04-02.28.35:030][  0]LogConfig: Setting CVar [[r.HairStrands.SkyAO.SampleCount:16]]
[2020.09.04-02.28.35:030][  0]LogConfig: Applying CVar settings from Section [Startup] File [../../../Engine/Config/ConsoleVariables.ini]
[2020.09.04-02.28.35:074][  0]LogConfig: Setting CVar [[net.UseAdaptiveNetUpdateFrequency:0]]
[2020.09.04-02.28.35:074][  0]LogConfig: Setting CVar [[p.chaos.AllowCreatePhysxBodies:1]]
[2020.09.04-02.28.35:074][  0]LogConfig: Applying CVar settings from Section [ConsoleVariables] File [C:/Users/IM/Desktop/2020_september_VR_Basketball/VR_Basketball/Saved/Config/Windows/Engine.ini]
[2020.09.04-02.28.35:097][  0]LogInit: Computer: M514-050
[2020.09.04-02.28.35:097][  0]LogInit: User: IM
[2020.09.04-02.28.35:097][  0]LogInit: CPU Page size=4096, Cores=6
[2020.09.04-02.28.35:097][  0]LogInit: High frequency timer resolution =10.000000 MHz
[2020.09.04-02.28.35:097][  0]LogMemory: Memory total: Physical=15.9GB (16GB approx)
[2020.09.04-02.28.35:098][  0]LogMemory: Platform Memory Stats for Windows
[2020.09.04-02.28.35:098][  0]LogMemory: Process Physical Memory: 105.88 MB used, 105.89 MB peak
[2020.09.04-02.28.35:098][  0]LogMemory: Process Virtual Memory: 101.36 MB used, 101.36 MB peak
[2020.09.04-02.28.35:098][  0]LogMemory: Physical Memory: 6590.53 MB used,  9668.37 MB free, 16258.89 MB total
[2020.09.04-02.28.35:098][  0]LogMemory: Virtual Memory: 5159.34 MB used,  134212568.00 MB free, 134217728.00 MB total
[2020.09.04-02.28.35:206][  0]LogWindows: WindowsPlatformFeatures enabled
[2020.09.04-02.28.36:860][  0]LogInit: Using OS detected language (zh-TW).
[2020.09.04-02.28.36:860][  0]LogInit: Using OS detected locale (zh-TW).
[2020.09.04-02.28.36:895][  0]LogTextLocalizationManager: No localization for 'zh-TW' exists, so 'en' will be used for the language.
[2020.09.04-02.28.37:765][  0]LogInit: Setting process to per monitor DPI aware
[2020.09.04-02.28.38:544][  0]LogSlate: New Slate User Created.  User Index 0, Is Virtual User: 0
[2020.09.04-02.28.38:544][  0]LogSlate: Slate User Registered.  User Index 0, Is Virtual User: 0
[2020.09.04-02.28.41:578][  0]LogHMD: Failed to initialize OpenVR with code 110
[2020.09.04-02.28.41:578][  0]LogD3D11RHI: D3D11 min allowed feature level: 11_0
[2020.09.04-02.28.41:578][  0]LogD3D11RHI: D3D11 max allowed feature level: 11_0
[2020.09.04-02.28.41:578][  0]LogD3D11RHI: D3D11 adapters:
[2020.09.04-02.28.42:189][  0]LogD3D11RHI:    0. 'NVIDIA Quadro P1000' (Feature Level 11_0)
[2020.09.04-02.28.42:189][  0]LogD3D11RHI:       4019/0/8129 MB DedicatedVideo/DedicatedSystem/SharedSystem, Outputs:1, VendorId:0x10de
[2020.09.04-02.28.42:333][  0]LogD3D11RHI:    1. 'Microsoft Basic Render Driver' (Feature Level 11_0)
[2020.09.04-02.28.42:333][  0]LogD3D11RHI:       0/0/8129 MB DedicatedVideo/DedicatedSystem/SharedSystem, Outputs:0, VendorId:0x1414
[2020.09.04-02.28.42:333][  0]LogD3D11RHI: Chosen D3D11 Adapter: 0
[2020.09.04-02.28.42:338][  0]LogD3D11RHI: Creating new Direct3DDevice
[2020.09.04-02.28.42:338][  0]LogD3D11RHI:     GPU DeviceId: 0x1cb1 (for the marketing name, search the web for "GPU Device Id")
[2020.09.04-02.28.42:338][  0]LogWindows: EnumDisplayDevices:
[2020.09.04-02.28.42:338][  0]LogWindows:    0. 'NVIDIA Quadro P1000' (P:1 D:1)
[2020.09.04-02.28.42:339][  0]LogWindows:    1. 'NVIDIA Quadro P1000' (P:0 D:0)
[2020.09.04-02.28.42:339][  0]LogWindows:    2. 'NVIDIA Quadro P1000' (P:0 D:0)
[2020.09.04-02.28.42:339][  0]LogWindows:    3. 'NVIDIA Quadro P1000' (P:0 D:0)
[2020.09.04-02.28.42:339][  0]LogWindows: DebugString: FoundDriverCount:4 
[2020.09.04-02.28.42:339][  0]LogD3D11RHI:     Adapter Name: NVIDIA Quadro P1000
[2020.09.04-02.28.42:339][  0]LogD3D11RHI:   Driver Version: 430.86 (internal:26.21.14.3086, unified:430.86)
[2020.09.04-02.28.42:339][  0]LogD3D11RHI:      Driver Date: 5-22-2019
[2020.09.04-02.28.42:339][  0]LogRHI: Texture pool is 2813 MB (70% of 4019 MB)
[2020.09.04-02.28.42:531][  0]LogD3D11RHI: RHI has support for 64 bit atomics
[2020.09.04-02.28.42:542][  0]LogD3D11RHI: Async texture creation enabled
[2020.09.04-02.28.42:683][  0]LogD3D11RHI: GPU Timing Frequency: 1000.000000 (Debug: 2 1)
[2020.09.04-02.28.45:010][  0]LogTargetPlatformManager: Display: Loaded TargetPlatform 'AllDesktop'
[2020.09.04-02.28.45:197][  0]LogTargetPlatformManager: Display: Loaded TargetPlatform 'Android'
[2020.09.04-02.28.45:197][  0]LogTargetPlatformManager: Display: Loaded TargetPlatform 'Android_ASTC'
[2020.09.04-02.28.45:197][  0]LogTargetPlatformManager: Display: Loaded TargetPlatform 'Android_ATC'
[2020.09.04-02.28.45:197][  0]LogTargetPlatformManager: Display: Loaded TargetPlatform 'Android_DXT'
[2020.09.04-02.28.45:197][  0]LogTargetPlatformManager: Display: Loaded TargetPlatform 'Android_ETC1'
[2020.09.04-02.28.45:197][  0]LogTargetPlatformManager: Display: Loaded TargetPlatform 'Android_ETC1a'
[2020.09.04-02.28.45:197][  0]LogTargetPlatformManager: Display: Loaded TargetPlatform 'Android_ETC2'
[2020.09.04-02.28.45:197][  0]LogTargetPlatformManager: Display: Loaded TargetPlatform 'Android_PVRTC'
[2020.09.04-02.28.45:197][  0]LogTargetPlatformManager: Display: Loaded TargetPlatform 'AndroidClient'
[2020.09.04-02.28.45:197][  0]LogTargetPlatformManager: Display: Loaded TargetPlatform 'Android_ASTCClient'
[2020.09.04-02.28.45:197][  0]LogTargetPlatformManager: Display: Loaded TargetPlatform 'Android_ATCClient'
[2020.09.04-02.28.45:197][  0]LogTargetPlatformManager: Display: Loaded TargetPlatform 'Android_DXTClient'
[2020.09.04-02.28.45:197][  0]LogTargetPlatformManager: Display: Loaded TargetPlatform 'Android_ETC1Client'
[2020.09.04-02.28.45:197][  0]LogTargetPlatformManager: Display: Loaded TargetPlatform 'Android_ETC1aClient'
[2020.09.04-02.28.45:197][  0]LogTargetPlatformManager: Display: Loaded TargetPlatform 'Android_ETC2Client'
[2020.09.04-02.28.45:197][  0]LogTargetPlatformManager: Display: Loaded TargetPlatform 'Android_PVRTCClient'
[2020.09.04-02.28.45:197][  0]LogTargetPlatformManager: Display: Loaded TargetPlatform 'Android_Multi'
[2020.09.04-02.28.45:197][  0]LogTargetPlatformManager: Display: Loaded TargetPlatform 'Android_MultiClient'
[2020.09.04-02.28.45:432][  0]LogTargetPlatformManager: Display: Loaded TargetPlatform 'IOSClient'
[2020.09.04-02.28.45:432][  0]LogTargetPlatformManager: Display: Loaded TargetPlatform 'IOS'
[2020.09.04-02.28.45:528][  0]LogTargetPlatformManager: Display: Loaded TargetPlatform 'LinuxNoEditor'
[2020.09.04-02.28.45:585][  0]LogTargetPlatformManager: Display: Loaded TargetPlatform 'LinuxClient'
[2020.09.04-02.28.45:662][  0]LogTargetPlatformManager: Display: Loaded TargetPlatform 'LinuxServer'
[2020.09.04-02.28.45:717][  0]LogTargetPlatformManager: Display: Loaded TargetPlatform 'LinuxAArch64NoEditor'
[2020.09.04-02.28.45:806][  0]LogTargetPlatformManager: Display: Loaded TargetPlatform 'LinuxAArch64Client'
[2020.09.04-02.28.45:915][  0]LogTargetPlatformManager: Display: Loaded TargetPlatform 'LinuxAArch64Server'
[2020.09.04-02.28.46:073][  0]LogTargetPlatformManager: Display: Loaded TargetPlatform 'Lumin'
[2020.09.04-02.28.46:073][  0]LogTargetPlatformManager: Display: Loaded TargetPlatform 'LuminClient'
[2020.09.04-02.28.46:129][  0]LogTargetPlatformManager: Display: Loaded TargetPlatform 'TVOSClient'
[2020.09.04-02.28.46:129][  0]LogTargetPlatformManager: Display: Loaded TargetPlatform 'TVOS'
[2020.09.04-02.28.46:305][  0]LogTargetPlatformManager: Display: Loaded TargetPlatform 'WindowsNoEditor'
[2020.09.04-02.28.46:344][  0]LogTargetPlatformManager: Display: Loaded TargetPlatform 'Windows'
[2020.09.04-02.28.46:514][  0]LogTargetPlatformManager: Display: Loaded TargetPlatform 'WindowsClient'
[2020.09.04-02.28.46:611][  0]LogTargetPlatformManager: Display: Loaded TargetPlatform 'WindowsServer'
[2020.09.04-02.28.46:611][  0]LogTargetPlatformManager: Display: Building Assets For Windows
[2020.09.04-02.28.47:228][  0]LogAudioDebug: Display: Lib vorbis DLL was dynamically loaded.
[2020.09.04-02.28.49:064][  0]LogShaderCompilers: Guid format shader working directory is -34 characters bigger than the processId version (../../../../../../Users/IM/Desktop/2020_september_VR_Basketball/VR_Basketball/Intermediate/Shaders/WorkingDirectory/3428/).
[2020.09.04-02.28.49:064][  0]LogShaderCompilers: Cleaned the shader compiler working directory 'C:/Users/IM/AppData/Local/Temp/UnrealShaderWorkingDir/E84E43E548513EA345FE59B8417B7D3E/'.
[2020.09.04-02.28.49:089][  0]LogXGEController: Cannot use XGE Controller as Incredibuild is not installed on this machine.
[2020.09.04-02.28.49:089][  0]LogShaderCompilers: Cannot use XGE Shader Compiler as Incredibuild is not installed on this machine.
[2020.09.04-02.28.49:089][  0]LogShaderCompilers: Display: Using Local Shader Compiler.
[2020.09.04-02.28.53:269][  0]LogDerivedDataCache: Display: Max Cache Size: 512 MB
[2020.09.04-02.28.54:155][  0]LogDerivedDataCache: Loaded boot cache 0.89s 100MB C:/Users/IM/AppData/Local/UnrealEngine/4.24/DerivedDataCache/Boot.ddc.
[2020.09.04-02.28.54:155][  0]LogDerivedDataCache: Display: Loaded Boot cache: C:/Users/IM/AppData/Local/UnrealEngine/4.24/DerivedDataCache/Boot.ddc
[2020.09.04-02.28.54:155][  0]LogDerivedDataCache: FDerivedDataBackendGraph:  Pak pak cache file ../../../../../../Users/IM/Desktop/2020_september_VR_Basketball/VR_Basketball/DerivedDataCache/DDC.ddp not found, will not use a pak cache.
[2020.09.04-02.28.54:155][  0]LogDerivedDataCache: Unable to find inner node Pak for hierarchical cache Hierarchy.
[2020.09.04-02.28.54:155][  0]LogDerivedDataCache: FDerivedDataBackendGraph:  CompressedPak pak cache file ../../../../../../Users/IM/Desktop/2020_september_VR_Basketball/VR_Basketball/DerivedDataCache/Compressed.ddp not found, will not use a pak cache.
[2020.09.04-02.28.54:155][  0]LogDerivedDataCache: Unable to find inner node CompressedPak for hierarchical cache Hierarchy.
[2020.09.04-02.28.54:254][  0]LogDerivedDataCache: Display: Pak cache opened for reading ../../../Engine/DerivedDataCache/Compressed.ddp.
[2020.09.04-02.28.54:254][  0]LogDerivedDataCache: FDerivedDataBackendGraph:  EnterprisePak pak cache file ../../../Enterprise/DerivedDataCache/Compressed.ddp not found, will not use a pak cache.
[2020.09.04-02.28.54:254][  0]LogDerivedDataCache: Unable to find inner node EnterprisePak for hierarchical cache Hierarchy.
[2020.09.04-02.28.54:255][  0]LogDerivedDataCache: Using Local data cache path C:/Users/IM/AppData/Local/UnrealEngine/Common/DerivedDataCache: Writable
[2020.09.04-02.28.54:255][  0]LogDerivedDataCache: Shared data cache path not found in *engine.ini, will not use an Shared cache.
[2020.09.04-02.28.54:255][  0]LogDerivedDataCache: Unable to find inner node Shared for hierarchical cache Hierarchy.
[2020.09.04-02.28.54:433][  0]LogMaterial: Verifying Global Shaders for PCD3D_SM5
[2020.09.04-02.28.55:313][  0]LogSlate: Using FreeType 2.10.0
[2020.09.04-02.28.55:782][  0]LogSlate: SlateFontServices - WITH_FREETYPE: 1, WITH_HARFBUZZ: 1
[2020.09.04-02.28.59:366][  0]LogAssetRegistry: FAssetRegistry took 0.0031 seconds to start up
[2020.09.04-02.29.04:040][  0]LogInit: Selected Device Profile: [Windows]
[2020.09.04-02.29.06:752][  0]LogMeshReduction: Using QuadricMeshReduction for automatic static mesh reduction
[2020.09.04-02.29.06:752][  0]LogMeshReduction: Using SimplygonMeshReduction for automatic skeletal mesh reduction
[2020.09.04-02.29.06:752][  0]LogMeshReduction: Using ProxyLODMeshReduction for automatic mesh merging
[2020.09.04-02.29.06:752][  0]LogMeshReduction: No distributed automatic mesh merging module available
[2020.09.04-02.29.06:752][  0]LogMeshMerging: No distributed automatic mesh merging module available
[2020.09.04-02.29.07:130][  0]LogNetVersion: VR_Basketball 1.0.0, NetCL: 10570792, EngineNetVer: 13, GameNetVer: 0 (Checksum: 3661658598)
[2020.09.04-02.29.41:127][  0]LogPackageLocalizationCache: Processed 10 localized package path(s) for 1 prioritized culture(s) in 0.117797 seconds
[2020.09.04-02.29.41:151][  0]LogUObjectArray: 46750 objects as part of root set at end of initial load.
[2020.09.04-02.29.41:151][  0]LogUObjectAllocator: 8137160 out of 0 bytes used by permanent object pool.
[2020.09.04-02.29.41:151][  0]LogUObjectArray: CloseDisregardForGC: 0/0 objects in disregard for GC pool
[2020.09.04-02.29.48:821][  0]LogTcpMessaging: Initializing TcpMessaging bridge
[2020.09.04-02.29.48:885][  0]LogUdpMessaging: Initializing bridge on interface 0.0.0.0:0 to multicast group 230.0.0.1:6666.
[2020.09.04-02.29.49:586][  0]SourceControl: Source control is disabled
[2020.09.04-02.29.49:601][  0]SourceControl: Source control is disabled
[2020.09.04-02.29.49:631][  0]SourceControl: Source control is disabled
[2020.09.04-02.29.49:682][  0]SourceControl: Source control is disabled
[2020.09.04-02.29.49:688][  0]SourceControl: Source control is disabled
[2020.09.04-02.29.51:060][  0]LogAndroidPermission: UAndroidPermissionCallbackProxy::GetInstance
[2020.09.04-02.29.51:240][  0]LogAudioCaptureCore: Display: No Audio Capture implementations found. Audio input will be silent.
[2020.09.04-02.29.51:240][  0]LogAudioCaptureCore: Display: No Audio Capture implementations found. Audio input will be silent.
[2020.09.04-02.29.52:082][  0]LogOcInput: OculusInput pre-init called
[2020.09.04-02.29.52:435][  0]LogWindows: Failed to load 'OVRPlugin.dll' (GetLastError=126)
[2020.09.04-02.29.52:435][  0]LogWindows: File 'OVRPlugin.dll' does not exist
[2020.09.04-02.29.53:631][  0]LogEngine: Initializing Engine...
[2020.09.04-02.29.53:644][  0]LogHMD: Failed to initialize OpenVR with code 110
[2020.09.04-02.29.53:645][  0]LogStats: UGameplayTagsManager::InitializeManager -  0.000 s
[2020.09.04-02.29.55:444][  0]LogInit: Initializing FReadOnlyCVARCache
[2020.09.04-02.29.55:854][  0]LogAIModule: Creating AISystem for world Untitled
[2020.09.04-02.29.55:994][  0]LogAudioMixer: Display: Audio Mixer Platform Settings:
[2020.09.04-02.29.55:994][  0]LogAudioMixer: Display: 	Sample Rate:						  48000
[2020.09.04-02.29.55:994][  0]LogAudioMixer: Display: 	Callback Buffer Frame Size Requested: 1024
[2020.09.04-02.29.55:994][  0]LogAudioMixer: Display: 	Callback Buffer Frame Size To Use:	  1024
[2020.09.04-02.29.55:994][  0]LogAudioMixer: Display: 	Number of buffers to queue:			  2
[2020.09.04-02.29.55:994][  0]LogAudioMixer: Display: 	Max Channels (voices):				  32
[2020.09.04-02.29.55:994][  0]LogAudioMixer: Display: 	Number of Async Source Workers:		  0
[2020.09.04-02.29.55:994][  0]LogAudio: Display: AudioDevice MaxSources: 32
[2020.09.04-02.29.55:994][  0]LogAudio: Display: Using built-in audio occlusion.
[2020.09.04-02.29.56:006][  0]LogAudioMixer: Display: Initializing audio mixer.
[2020.09.04-02.29.56:044][  0]LogAudioMixer: Display: Using Audio Device Unknown
[2020.09.04-02.29.56:107][  0]LogInit: FAudioDevice initialized.
[2020.09.04-02.29.56:107][  0]LogNetVersion: Set ProjectVersion to 1.0.0.0. Version Checksum will be recalculated on next use.
[2020.09.04-02.29.56:781][  0]LogDerivedDataCache: Saved boot cache 0.67s 100MB C:/Users/IM/AppData/Local/UnrealEngine/4.24/DerivedDataCache/Boot.ddc.
[2020.09.04-02.29.56:789][  0]LogInit: Texture streaming: Enabled
[2020.09.04-02.29.57:404][  0]LogEngineSessionManager: EngineSessionManager initialized
[2020.09.04-02.29.57:404][  0]LogEditorSessionSummary: Verbose: Initializing EditorSessionSummaryWriter for editor session tracking
[2020.09.04-02.29.57:479][  0]LogEditorSessionSummary: EditorSessionSummaryWriter initialized
[2020.09.04-02.29.57:824][  0]LogInit: Transaction tracking system initialized
[2020.09.04-02.29.58:573][  0]BlueprintLog: New page: Editor Load
[2020.09.04-02.30.00:014][  0]LocalizationService: Localization service is disabled
[2020.09.04-02.30.04:261][  0]LogFileCache: Scanning file cache for directory 'C:/Users/IM/Desktop/2020_september_VR_Basketball/VR_Basketball/Content/' took 0.00s
[2020.09.04-02.30.04:261][  0]LogCook: Display: Max memory allowance for cook 16384mb min free memory 0mb
[2020.09.04-02.30.04:261][  0]LogCook: Display: Mobile HDR setting 1
[2020.09.04-02.30.07:465][  0]SourceControl: Source control is disabled
[2020.09.04-02.30.07:483][  0]Cmd: MAP LOAD FILE="../../../../../../Users/IM/Desktop/2020_september_VR_Basketball/VR_Basketball/Content/VirtualRealityBP/Maps/StartupMap.umap" TEMPLATE=0 SHOWPROGRESS=1 FEATURELEVEL=3
[2020.09.04-02.30.07:536][  0]LightingResults: New page: Lighting Build
[2020.09.04-02.30.07:712][  0]LogWorld: UWorld::CleanupWorld for Untitled, bSessionEnded=true, bCleanupResources=true
[2020.09.04-02.30.07:713][  0]LogSlate: InvalidateAllWidgets triggered.  All widgets were invalidated
[2020.09.04-02.30.07:735][  0]MapCheck: New page: Map Check
[2020.09.04-02.30.07:735][  0]LightingResults: New page: Lighting Build
[2020.09.04-02.30.07:987][  0]LogUObjectHash: Compacting FUObjectHashTables data took   1.35ms
[2020.09.04-02.30.09:816][  0]LogAIModule: Creating AISystem for world StartupMap
[2020.09.04-02.30.10:994][  0]LogAudioMixer: Warning: Changing default audio render device to new device: {0.0.0.00000000}.{3088183b-517c-4fcf-9495-f857c291c84b}.
[2020.09.04-02.30.11:005][  0]LogEditorServer: Finished looking for orphan Actors (0.000 secs)
[2020.09.04-02.30.11:088][  0]LogUObjectHash: Compacting FUObjectHashTables data took   1.16ms
[2020.09.04-02.30.11:088][  0]Cmd: MAP CHECKDEP NOCLEARLOG
[2020.09.04-02.30.11:088][  0]MapCheck: Map check complete: 0 Error(s), 0 Warning(s), took 0.118ms to complete.
[2020.09.04-02.30.11:088][  0]LogFileHelpers: Loading map 'StartupMap' took 3.612
[2020.09.04-02.30.12:795][  0]LogSlate: Updating window title bar state: overlay mode, drag disabled, window buttons hidden, title bar hidden
[2020.09.04-02.30.12:802][  0]LogSlate: Updating window title bar state: overlay mode, drag disabled, window buttons hidden, title bar hidden
[2020.09.04-02.30.12:807][  0]LogSlate: Updating window title bar state: overlay mode, drag disabled, window buttons hidden, title bar hidden
[2020.09.04-02.30.12:812][  0]LogSlate: Updating window title bar state: overlay mode, drag disabled, window buttons hidden, title bar hidden
[2020.09.04-02.30.13:057][  0]LogCollectionManager: Loaded 0 collections in 0.000704 seconds
[2020.09.04-02.30.13:224][  0]LogFileCache: Scanning file cache for directory 'C:/Users/IM/Desktop/2020_september_VR_Basketball/VR_Basketball/Saved/Collections/' took 0.00s
[2020.09.04-02.30.13:224][  0]LogFileCache: Scanning file cache for directory 'C:/Users/IM/Desktop/2020_september_VR_Basketball/VR_Basketball/Content/Developers/IM/Collections/' took 0.00s
[2020.09.04-02.30.13:224][  0]LogFileCache: Scanning file cache for directory 'C:/Users/IM/Desktop/2020_september_VR_Basketball/VR_Basketball/Content/Collections/' took 0.00s
[2020.09.04-02.30.13:224][  0]LogContentBrowser: Native class hierarchy populated in 0.0065 seconds. Added 3015 classes and 717 folders.
[2020.09.04-02.30.13:506][  0]LogContentBrowser: Native class hierarchy updated for 'WidgetCarousel' in 0.0002 seconds. Added 0 classes and 0 folders.
[2020.09.04-02.30.15:394][  0]LogContentBrowser: Native class hierarchy updated for 'AddContentDialog' in 0.0002 seconds. Added 0 classes and 0 folders.
[2020.09.04-02.30.15:616][  0]LogContentBrowser: Native class hierarchy updated for 'SceneOutliner' in 0.0002 seconds. Added 2 classes and 3 folders.
[2020.09.04-02.30.17:435][  0]LogSlate: Took 0.027709 seconds to synchronously load lazily loaded font '../../../Engine/Content/Slate/Fonts/Roboto-Regular.ttf' (155K)
[2020.09.04-02.30.17:513][  0]LogSlate: Took 0.032615 seconds to synchronously load lazily loaded font '../../../Engine/Content/Slate/Fonts/Roboto-Bold.ttf' (160K)
[2020.09.04-02.30.18:618][  0]LogSlate: Took 0.978191 seconds to synchronously load lazily loaded font '../../../Engine/Content/Editor/Slate/Fonts/FontAwesome.ttf' (139K)
[2020.09.04-02.30.19:641][  0]LogRenderer: Reallocating scene render targets to support 1208x652 Format 26 NumSamples 1 (Frame:1).
[2020.09.04-02.30.22:783][  0]LogContentBrowser: Native class hierarchy updated for 'HierarchicalLODOutliner' in 0.0002 seconds. Added 0 classes and 0 folders.
[2020.09.04-02.30.22:783][  0]LogLoad: (Engine Initialization) Total time: 136.37 seconds
[2020.09.04-02.30.22:783][  0]LogLoad: (Engine Initialization) Total Blueprint compile time: 0.00 seconds
[2020.09.04-02.30.23:874][  0]LogContentStreaming: Texture pool size now 1000 MB
[2020.09.04-02.30.23:904][  0]LogTemp: Resetting audio stream to device id 
[2020.09.04-02.30.23:908][  0]LogAudioMixer: Display: Audio Device Output Speaker Info:
[2020.09.04-02.30.23:908][  0]LogAudioMixer: Display: Name: 喇叭 (Realtek(R) Audio)
[2020.09.04-02.30.23:908][  0]LogAudioMixer: Display: Is Default: Yes
[2020.09.04-02.30.23:908][  0]LogAudioMixer: Display: Sample Rate: 48000
[2020.09.04-02.30.23:908][  0]LogAudioMixer: Display: Channel Count Used: 2
[2020.09.04-02.30.23:908][  0]LogAudioMixer: Display: Device Channel Count: 2
[2020.09.04-02.30.23:908][  0]LogAudioMixer: Display: Channel Order:
[2020.09.04-02.30.23:908][  0]LogAudioMixer: Display: 0: FrontLeft
[2020.09.04-02.30.23:908][  0]LogAudioMixer: Display: 1: FrontRight
[2020.09.04-02.30.25:350][  0]LogSlate: Took 0.080393 seconds to synchronously load lazily loaded font '../../../Engine/Content/Slate/Fonts/Roboto-Light.ttf' (167K)
[2020.09.04-02.30.29:439][ 45]LogAssetRegistry: Asset discovery search completed in 90.0728 seconds
[2020.09.04-02.30.29:535][ 45]LogCollectionManager: Fixed up redirectors for 0 collections in 0.056543 seconds (updated 0 objects)
[2020.09.04-02.34.57:585][657]LogUObjectHash: Compacting FUObjectHashTables data took   0.54ms
[2020.09.04-02.35.33:833][286]LogSlate: Took 0.000104 seconds to synchronously load lazily loaded font '../../../Engine/Content/Slate/Fonts/Roboto-Light.ttf' (167K)
[2020.09.04-02.35.36:389][286]LogTexture: Display: Building textures: LQ_Lightmap_0_3 (DXT1, 64X64)
[2020.09.04-02.35.36:389][286]LogTexture: Display: Building textures: HQ_Lightmap0_3 (AutoDXT, 64X64)
[2020.09.04-02.35.36:389][286]LogTexture: Display: Building textures: ShadowMapTexture2D_0 (G8, 1024X512)
[2020.09.04-02.35.36:389][286]LogTexture: Display: Building textures: ShadowMapTexture2D_1 (G8, 1024X256)
[2020.09.04-02.35.36:389][286]LogTexture: Display: Building textures: ShadowMapTexture2D_2 (G8, 32X32)
[2020.09.04-02.35.36:389][286]LogTexture: Display: Building textures: HQ_Lightmap0_2 (AutoDXT, 1024X1024)
[2020.09.04-02.35.36:389][286]LogTexture: Display: Building textures: LQ_Lightmap_0_2 (DXT1, 1024X1024)
[2020.09.04-02.35.36:389][286]LogTexture: Display: Building textures: LQ_Lightmap_0_1 (DXT1, 1024X1024)
[2020.09.04-02.35.36:389][286]LogTexture: Display: Building textures: HQ_Lightmap0_1 (AutoDXT, 1024X1024)
[2020.09.04-02.35.36:389][286]LogMaterial: Display: Missing cached shader map for material M_SplineArcMat, compiling. 
[2020.09.04-02.35.37:011][286]LogShaderCompilers: Display: Worker (1/9): shaders left to compile 22
[2020.09.04-02.35.37:011][286]LogShaderCompilers: Display: Worker (2/9): shaders left to compile 19
[2020.09.04-02.35.37:011][286]LogShaderCompilers: Display: Worker (3/9): shaders left to compile 16
[2020.09.04-02.35.37:011][286]LogShaderCompilers: Display: Worker (4/9): shaders left to compile 13
[2020.09.04-02.35.37:011][286]LogShaderCompilers: Display: Worker (5/9): shaders left to compile 10
[2020.09.04-02.35.37:011][286]LogShaderCompilers: Display: Worker (6/9): shaders left to compile 7
[2020.09.04-02.35.37:011][286]LogShaderCompilers: Display: Worker (7/9): shaders left to compile 4
[2020.09.04-02.35.37:011][286]LogShaderCompilers: Display: Worker (8/9): shaders left to compile 1
[2020.09.04-02.35.37:011][286]LogStaticMesh: Building static mesh BeamMesh...
[2020.09.04-02.35.37:494][286]LogStaticMesh: Built static mesh [0.41s] /Game/VirtualReality/Meshes/BeamMesh.BeamMesh
[2020.09.04-02.35.38:492][286]LogAnimationCompression: Building Anim DDC data for AnimSequence /Game/VirtualReality/Mannequin/Animations/MannequinHand_Right_Open.MannequinHand_Right_Open
[2020.09.04-02.35.38:521][286]LogAnimationCompression: Recompressing (AnimSequence /Game/VirtualReality/Mannequin/Animations/MannequinHand_Right_Open.MannequinHand_Right_Open) using current/default (AnimCompress_BitwiseCompressOnly_0) bFirstRecompressUsingCurrentOrDefault(1) bTryAlternateCompressor(0) IsCompressedDataValid(0)
[2020.09.04-02.35.38:553][286]LogAnimationCompression: Building Anim DDC data for AnimSequence /Game/VirtualReality/Mannequin/Animations/MannequinHand_Right_CanGrab.MannequinHand_Right_CanGrab
[2020.09.04-02.35.38:553][286]LogAnimationCompression: Recompressing (AnimSequence /Game/VirtualReality/Mannequin/Animations/MannequinHand_Right_CanGrab.MannequinHand_Right_CanGrab) using current/default (AnimCompress_BitwiseCompressOnly_0) bFirstRecompressUsingCurrentOrDefault(1) bTryAlternateCompressor(0) IsCompressedDataValid(0)
[2020.09.04-02.35.38:601][286]LogAnimationCompression: Building Anim DDC data for AnimSequence /Game/VirtualReality/Mannequin/Animations/MannequinHand_Right_Grab.MannequinHand_Right_Grab
[2020.09.04-02.35.38:601][286]LogAnimationCompression: Recompressing (AnimSequence /Game/VirtualReality/Mannequin/Animations/MannequinHand_Right_Grab.MannequinHand_Right_Grab) using current/default (AnimCompress_BitwiseCompressOnly_0) bFirstRecompressUsingCurrentOrDefault(1) bTryAlternateCompressor(0) IsCompressedDataValid(0)
[2020.09.04-02.35.38:658][286]LogMaterial: Display: Missing cached shader map for material CubeMaterial, compiling. 
[2020.09.04-02.35.38:872][286]LogMaterial: Display: Missing cached shader map for material M_Sky_Panning_Clouds2, compiling. 
[2020.09.04-02.35.39:542][286]LogAIModule: Creating AISystem for world MotionControllerMap
[2020.09.04-02.35.39:867][286]LogAssetEditorSubsystem: Opening Asset editor for World /Game/VirtualRealityBP/Maps/MotionControllerMap.MotionControllerMap
[2020.09.04-02.35.40:052][286]LogUObjectHash: Compacting FUObjectHashTables data took   2.47ms
[2020.09.04-02.35.40:259][286]Cmd: MAP LOAD FILE="../../../../../../Users/IM/Desktop/2020_september_VR_Basketball/VR_Basketball/Content/VirtualRealityBP/Maps/MotionControllerMap.umap" TEMPLATE=0 SHOWPROGRESS=1 FEATURELEVEL=3
[2020.09.04-02.35.40:260][286]LightingResults: New page: Lighting Build
[2020.09.04-02.35.40:260][286]LoadErrors: New page: Loading map: MotionControllerMap.umap
[2020.09.04-02.35.40:393][286]LogWorld: UWorld::CleanupWorld for StartupMap, bSessionEnded=true, bCleanupResources=true
[2020.09.04-02.35.40:404][286]LogSlate: InvalidateAllWidgets triggered.  All widgets were invalidated
[2020.09.04-02.35.40:404][286]MapCheck: New page: Map Check
[2020.09.04-02.35.40:404][286]LightingResults: New page: Lighting Build
[2020.09.04-02.35.40:723][286]LogUObjectHash: Compacting FUObjectHashTables data took   1.35ms
[2020.09.04-02.35.41:174][286]LogEditorServer: Finished looking for orphan Actors (0.000 secs)
[2020.09.04-02.35.41:340][286]LogUObjectHash: Compacting FUObjectHashTables data took   1.41ms
[2020.09.04-02.35.41:411][286]Cmd: MAP CHECKDEP NOCLEARLOG
[2020.09.04-02.35.41:413][286]MapCheck: Map check complete: 0 Error(s), 0 Warning(s), took 1.582ms to complete.
[2020.09.04-02.35.41:413][286]LogFileHelpers: Loading map 'MotionControllerMap' took 1.360
[2020.09.04-02.35.42:512][349]LogShaderCompilers: Display: Worker (8/9): shaders left to compile 28
[2020.09.04-02.35.42:668][361]LogShaderCompilers: Display: Worker (6/9): shaders left to compile 24
[2020.09.04-02.35.42:682][362]LogShaderCompilers: Display: Worker (5/9): shaders left to compile 20
[2020.09.04-02.35.42:692][363]LogShaderCompilers: Display: Worker (1/9): shaders left to compile 17
[2020.09.04-02.35.42:715][365]LogShaderCompilers: Display: Worker (2/9): shaders left to compile 14
[2020.09.04-02.35.42:983][386]LogShaderCompilers: Display: Worker (3/9): shaders left to compile 12
[2020.09.04-02.35.43:958][455]LogShaderCompilers: Display: Worker (7/9): shaders left to compile 10
[2020.09.04-02.35.44:229][476]LogShaderCompilers: Display: Worker (3/9): shaders left to compile 8
[2020.09.04-02.35.44:243][477]LogShaderCompilers: Display: Worker (4/9): shaders left to compile 6
[2020.09.04-02.35.44:507][478]LogShaderCompilers: Display: Worker (2/9): shaders left to compile 5
[2020.09.04-02.35.44:507][478]LogShaderCompilers: Display: Worker (8/9): shaders left to compile 4
[2020.09.04-02.35.44:507][478]LogShaderCompilers: Display: Worker (5/9): shaders left to compile 3
[2020.09.04-02.35.44:507][478]LogShaderCompilers: Display: Worker (1/9): shaders left to compile 2
[2020.09.04-02.35.44:507][478]LogShaderCompilers: Display: Worker (8/9): shaders left to compile 1
[2020.09.04-02.52.11:702][337]LogUObjectHash: Compacting FUObjectHashTables data took   1.20ms
